c:\users\seiti\desktop\alivegame\amgcommon\debug\amgcommon.pdb
c:\users\seiti\desktop\alivegame\amgcommon\debug\amgcommon.pch
c:\users\seiti\desktop\alivegame\amgcommon\debug\amgcommon.idb
c:\users\seiti\desktop\alivegame\amgcommon\debug\stdafx.obj
c:\users\seiti\desktop\alivegame\amgcommon\debug\common.obj
c:\users\jy\desktop\alivegame\amgcommon\multinetwork_common.cpp
c:\users\jy\desktop\alivegame\amgcommon\multinetwork_common.h
c:\users\jy\desktop\alivegame\amgcommon\multinetwork_proxy.cpp
c:\users\jy\desktop\alivegame\amgcommon\multinetwork_proxy.h
c:\users\jy\desktop\alivegame\amgcommon\multinetwork_stub.cpp
c:\users\jy\desktop\alivegame\amgcommon\multinetwork_stub.h
c:\users\jy\desktop\alivegame\amgcommon\multinetwork_common.cs
c:\users\jy\desktop\alivegame\amgcommon\multinetwork_proxy.cs
c:\users\jy\desktop\alivegame\amgcommon\multinetwork_stub.cs
c:\users\seiti\desktop\alivegame\amgcommon\multinetwork_common.cpp
c:\users\seiti\desktop\alivegame\amgcommon\multinetwork_common.h
c:\users\seiti\desktop\alivegame\amgcommon\multinetwork_proxy.cpp
c:\users\seiti\desktop\alivegame\amgcommon\multinetwork_proxy.h
c:\users\seiti\desktop\alivegame\amgcommon\multinetwork_stub.cpp
c:\users\seiti\desktop\alivegame\amgcommon\multinetwork_stub.h
c:\users\seiti\desktop\alivegame\amgcommon\multinetwork_common.cs
c:\users\seiti\desktop\alivegame\amgcommon\multinetwork_proxy.cs
c:\users\seiti\desktop\alivegame\amgcommon\multinetwork_stub.cs
c:\users\jy\desktop\alivegame\debug\amgcommon.lib
c:\users\seiti\desktop\alivegame\debug\amgcommon.lib
c:\users\seiti\desktop\alivegame\debug\amgcommon.pdb
c:\users\seiti\desktop\alivegame\amgcommon\debug\amgcommon.tlog\cl.command.1.tlog
c:\users\seiti\desktop\alivegame\amgcommon\debug\amgcommon.tlog\cl.read.1.tlog
c:\users\seiti\desktop\alivegame\amgcommon\debug\amgcommon.tlog\cl.write.1.tlog
c:\users\seiti\desktop\alivegame\amgcommon\debug\amgcommon.tlog\custombuild.command.1.tlog
c:\users\seiti\desktop\alivegame\amgcommon\debug\amgcommon.tlog\custombuild.read.1.tlog
c:\users\seiti\desktop\alivegame\amgcommon\debug\amgcommon.tlog\custombuild.write.1.tlog
c:\users\seiti\desktop\alivegame\amgcommon\debug\amgcommon.tlog\lib-link.read.1.tlog
c:\users\seiti\desktop\alivegame\amgcommon\debug\amgcommon.tlog\lib-link.write.1.tlog
c:\users\seiti\desktop\alivegame\amgcommon\debug\amgcommon.tlog\lib.command.1.tlog
